2018-11-09 16:13:44,516  WARN XY2LinksForFacilities:50 There is no link for at least a facility. Assigning links for such facilities from coords.
2018-11-09 16:13:44,517  WARN XY2LinksForFacilities:51  This message given only once.
2018-11-09 16:13:44,675 ERROR AbstractController:208 Mobsim did not complete normally! afterMobsimListeners will be called anyway.
com.google.inject.ProvisionException: Unable to provision, see the following errors:

1) A binding to org.matsim.core.mobsim.qsim.qnetsimengine.QNetworkFactory was already configured at org.matsim.core.mobsim.qsim.QSimModule.install(QSimModule.java:97) (via modules: com.google.inject.util.Modules$CombinedModule -> com.google.inject.util.Modules$CombinedModule -> org.matsim.core.controler.AbstractModule$4 -> com.google.inject.util.Modules$OverrideModule -> org.matsim.core.controler.Controler$2 -> org.matsim.core.controler.ControlerDefaultsModule -> org.matsim.core.mobsim.DefaultMobsimModule -> org.matsim.core.mobsim.qsim.QSimModule).
  at org.matsim.run.RunMatsim$1.configureQSim(RunMatsim.java:164) (via modules: org.matsim.core.mobsim.qsim.QSimProvider$1 -> org.matsim.core.mobsim.qsim.AbstractQSimModule$1 -> com.google.inject.util.Modules$OverrideModule -> org.matsim.run.RunMatsim$1)
  while locating org.matsim.core.mobsim.qsim.QSimProvider
  while locating org.matsim.core.mobsim.framework.Mobsim

1 error
	at com.google.inject.internal.InjectorImpl$2.get(InjectorImpl.java:1028)
	at org.matsim.core.controler.NewControler.runMobSim(NewControler.java:126)
	at org.matsim.core.controler.AbstractController$8.run(AbstractController.java:197)
	at org.matsim.core.controler.AbstractController.iterationStep(AbstractController.java:229)
	at org.matsim.core.controler.AbstractController.mobsim(AbstractController.java:193)
	at org.matsim.core.controler.AbstractController.iteration(AbstractController.java:144)
	at org.matsim.core.controler.AbstractController.doIterations(AbstractController.java:112)
	at org.matsim.core.controler.AbstractController.access$100(AbstractController.java:28)
	at org.matsim.core.controler.AbstractController$1.run(AbstractController.java:80)
	at org.matsim.core.controler.MatsimRuntimeModifications.run(MatsimRuntimeModifications.java:48)
	at org.matsim.core.controler.MatsimRuntimeModifications.run(MatsimRuntimeModifications.java:31)
	at org.matsim.core.controler.AbstractController.run(AbstractController.java:88)
	at org.matsim.core.controler.NewControler.run(NewControler.java:84)
	at org.matsim.core.controler.Controler.run(Controler.java:236)
	at org.matsim.run.RunMatsim.main(RunMatsim.java:172)
2018-11-09 16:13:44,675 ERROR MatsimRuntimeModifications:54 Getting uncaught Exception in Thread main
com.google.inject.ProvisionException: Unable to provision, see the following errors:

1) A binding to org.matsim.core.mobsim.qsim.qnetsimengine.QNetworkFactory was already configured at org.matsim.core.mobsim.qsim.QSimModule.install(QSimModule.java:97) (via modules: com.google.inject.util.Modules$CombinedModule -> com.google.inject.util.Modules$CombinedModule -> org.matsim.core.controler.AbstractModule$4 -> com.google.inject.util.Modules$OverrideModule -> org.matsim.core.controler.Controler$2 -> org.matsim.core.controler.ControlerDefaultsModule -> org.matsim.core.mobsim.DefaultMobsimModule -> org.matsim.core.mobsim.qsim.QSimModule).
  at org.matsim.run.RunMatsim$1.configureQSim(RunMatsim.java:164) (via modules: org.matsim.core.mobsim.qsim.QSimProvider$1 -> org.matsim.core.mobsim.qsim.AbstractQSimModule$1 -> com.google.inject.util.Modules$OverrideModule -> org.matsim.run.RunMatsim$1)
  while locating org.matsim.core.mobsim.qsim.QSimProvider
  while locating org.matsim.core.mobsim.framework.Mobsim

1 error
	at com.google.inject.internal.InjectorImpl$2.get(InjectorImpl.java:1028)
	at org.matsim.core.controler.NewControler.runMobSim(NewControler.java:126)
	at org.matsim.core.controler.AbstractController$8.run(AbstractController.java:197)
	at org.matsim.core.controler.AbstractController.iterationStep(AbstractController.java:229)
	at org.matsim.core.controler.AbstractController.mobsim(AbstractController.java:193)
	at org.matsim.core.controler.AbstractController.iteration(AbstractController.java:144)
	at org.matsim.core.controler.AbstractController.doIterations(AbstractController.java:112)
	at org.matsim.core.controler.AbstractController.access$100(AbstractController.java:28)
	at org.matsim.core.controler.AbstractController$1.run(AbstractController.java:80)
	at org.matsim.core.controler.MatsimRuntimeModifications.run(MatsimRuntimeModifications.java:48)
	at org.matsim.core.controler.MatsimRuntimeModifications.run(MatsimRuntimeModifications.java:31)
	at org.matsim.core.controler.AbstractController.run(AbstractController.java:88)
	at org.matsim.core.controler.NewControler.run(NewControler.java:84)
	at org.matsim.core.controler.Controler.run(Controler.java:236)
	at org.matsim.run.RunMatsim.main(RunMatsim.java:172)
2018-11-09 16:13:44,675 ERROR MatsimRuntimeModifications:60 ERROR --- This is an unexpected shutdown!
2018-11-09 16:13:44,675 ERROR MatsimRuntimeModifications:63 Shutdown possibly caused by the following Exception:
com.google.inject.ProvisionException: Unable to provision, see the following errors:

1) A binding to org.matsim.core.mobsim.qsim.qnetsimengine.QNetworkFactory was already configured at org.matsim.core.mobsim.qsim.QSimModule.install(QSimModule.java:97) (via modules: com.google.inject.util.Modules$CombinedModule -> com.google.inject.util.Modules$CombinedModule -> org.matsim.core.controler.AbstractModule$4 -> com.google.inject.util.Modules$OverrideModule -> org.matsim.core.controler.Controler$2 -> org.matsim.core.controler.ControlerDefaultsModule -> org.matsim.core.mobsim.DefaultMobsimModule -> org.matsim.core.mobsim.qsim.QSimModule).
  at org.matsim.run.RunMatsim$1.configureQSim(RunMatsim.java:164) (via modules: org.matsim.core.mobsim.qsim.QSimProvider$1 -> org.matsim.core.mobsim.qsim.AbstractQSimModule$1 -> com.google.inject.util.Modules$OverrideModule -> org.matsim.run.RunMatsim$1)
  while locating org.matsim.core.mobsim.qsim.QSimProvider
  while locating org.matsim.core.mobsim.framework.Mobsim

1 error
	at com.google.inject.internal.InjectorImpl$2.get(InjectorImpl.java:1028)
	at org.matsim.core.controler.NewControler.runMobSim(NewControler.java:126)
	at org.matsim.core.controler.AbstractController$8.run(AbstractController.java:197)
	at org.matsim.core.controler.AbstractController.iterationStep(AbstractController.java:229)
	at org.matsim.core.controler.AbstractController.mobsim(AbstractController.java:193)
	at org.matsim.core.controler.AbstractController.iteration(AbstractController.java:144)
	at org.matsim.core.controler.AbstractController.doIterations(AbstractController.java:112)
	at org.matsim.core.controler.AbstractController.access$100(AbstractController.java:28)
	at org.matsim.core.controler.AbstractController$1.run(AbstractController.java:80)
	at org.matsim.core.controler.MatsimRuntimeModifications.run(MatsimRuntimeModifications.java:48)
	at org.matsim.core.controler.MatsimRuntimeModifications.run(MatsimRuntimeModifications.java:31)
	at org.matsim.core.controler.AbstractController.run(AbstractController.java:88)
	at org.matsim.core.controler.NewControler.run(NewControler.java:84)
	at org.matsim.core.controler.Controler.run(Controler.java:236)
	at org.matsim.run.RunMatsim.main(RunMatsim.java:172)
2018-11-09 16:13:44,675 ERROR MatsimRuntimeModifications:78 ERROR --- MATSim unexpectedly terminated. Please check the output or the logfile with warnings and errors for hints.
2018-11-09 16:13:44,675 ERROR MatsimRuntimeModifications:79 ERROR --- results should not be used for further analysis.
2018-11-09 16:13:44,675 ERROR MatsimRuntimeModifications:83 ERROR --- This was an unexpected shutdown! See the log file for a possible reason.
