2018-11-09 14:25:41,166  INFO Gbl:63 JVM: 1.8.0_131; Oracle Corporation; mixed mode; 64-bit
2018-11-09 14:25:41,167  INFO Gbl:67 OS: Mac OS X; 10.12.6; x86_64
2018-11-09 14:25:41,167  INFO Gbl:70 CPU cores: 8
2018-11-09 14:25:41,167  INFO Gbl:71 max. Memory: 3641.0MB (3817865216B)
2018-11-09 14:25:41,167  INFO Gbl:109 MATSim-Build: r ()
2018-11-09 14:25:41,170  INFO ControlerListenerManagerImpl:107 calling notifyStartup on org.matsim.counts.CountsControlerListener
2018-11-09 14:25:41,171  INFO ControlerListenerManagerImpl:107 calling notifyStartup on org.matsim.analysis.ModeStatsControlerListener
2018-11-09 14:25:41,177 DEBUG NetworkRoutingProvider:75 requesting network routing module with routingMode=car;	mode=car
2018-11-09 14:25:41,178  INFO NetworkImpl:167  node # 1
2018-11-09 14:25:41,178  INFO NetworkImpl:167  node # 4
2018-11-09 14:25:41,178  INFO NetworkImpl:163  link # 1
2018-11-09 14:25:41,179  INFO NetworkImpl:163  link # 4
2018-11-09 14:25:41,179  INFO NetworkImpl:163  link # 16
2018-11-09 14:25:41,181 DEBUG NetworkRoutingProvider:75 requesting network routing module with routingMode=bike;	mode=bike
2018-11-09 14:25:41,181  INFO NetworkImpl:167  node # 1
2018-11-09 14:25:41,182  INFO NetworkImpl:167  node # 4
2018-11-09 14:25:41,182  INFO NetworkImpl:163  link # 1
2018-11-09 14:25:41,182  INFO NetworkImpl:163  link # 4
2018-11-09 14:25:41,182  INFO NetworkImpl:163  link # 16
2018-11-09 14:25:41,184 ERROR MatsimRuntimeModifications:54 Getting uncaught Exception in Thread main
com.google.inject.ProvisionException: Unable to provision, see the following errors:

1) Error in custom provider, java.lang.RuntimeException: No TravelTime bound for mode bike.
  at org.matsim.core.router.TripRouterModule.install(TripRouterModule.java:66) (via modules: com.google.inject.util.Modules$CombinedModule -> com.google.inject.util.Modules$CombinedModule -> org.matsim.core.controler.AbstractModule$4 -> com.google.inject.util.Modules$OverrideModule -> org.matsim.core.controler.Controler$2 -> org.matsim.core.controler.ControlerDefaultsModule -> org.matsim.core.router.TripRouterModule)
  while locating org.matsim.core.router.RoutingModule annotated with @com.google.inject.name.Named(value=bike)
  while locating org.matsim.core.router.RoutingModule annotated with @com.google.inject.multibindings.Element(setName=,uniqueId=96, type=MAPBINDER, keyType=java.lang.String)
  at org.matsim.core.router.TripRouter.<init>(TripRouter.java:109)
  while locating org.matsim.core.router.TripRouter

1 error
	at com.google.inject.internal.InjectorImpl$2.get(InjectorImpl.java:1028)
	at org.matsim.analysis.ModeStatsControlerListener.notifyStartup(ModeStatsControlerListener.java:115)
	at org.matsim.core.controler.ControlerListenerManagerImpl.fireControlerStartupEvent(ControlerListenerManagerImpl.java:108)
	at org.matsim.core.controler.AbstractController$1.run(AbstractController.java:77)
	at org.matsim.core.controler.MatsimRuntimeModifications.run(MatsimRuntimeModifications.java:48)
	at org.matsim.core.controler.MatsimRuntimeModifications.run(MatsimRuntimeModifications.java:31)
	at org.matsim.core.controler.AbstractController.run(AbstractController.java:88)
	at org.matsim.core.controler.NewControler.run(NewControler.java:84)
	at org.matsim.core.controler.Controler.run(Controler.java:236)
	at org.matsim.run.RunMatsim.main(RunMatsim.java:163)
Caused by: java.lang.RuntimeException: No TravelTime bound for mode bike.
	at org.matsim.core.router.NetworkRoutingProvider.get(NetworkRoutingProvider.java:101)
	at org.matsim.core.router.NetworkRoutingProvider.get(NetworkRoutingProvider.java:21)
	at com.google.inject.internal.ProviderInternalFactory.provision(ProviderInternalFactory.java:81)
	at com.google.inject.internal.InternalFactoryToInitializableAdapter.provision(InternalFactoryToInitializableAdapter.java:53)
	at com.google.inject.internal.ProviderInternalFactory.circularGet(ProviderInternalFactory.java:61)
	at com.google.inject.internal.InternalFactoryToInitializableAdapter.get(InternalFactoryToInitializableAdapter.java:45)
	at com.google.inject.internal.FactoryProxy.get(FactoryProxy.java:56)
	at com.google.inject.internal.InjectorImpl$2$1.call(InjectorImpl.java:1019)
	at com.google.inject.internal.InjectorImpl.callInContext(InjectorImpl.java:1092)
	at com.google.inject.internal.InjectorImpl$2.get(InjectorImpl.java:1015)
	at com.google.inject.spi.ProviderLookup$1.get(ProviderLookup.java:104)
	at com.google.inject.multibindings.MapBinder$RealMapBinder$ValueProvider.get(MapBinder.java:821)
	at org.matsim.core.router.TripRouter.<init>(TripRouter.java:112)
	at org.matsim.core.router.TripRouter$$FastClassByGuice$$40b051f1.newInstance(<generated>)
	at com.google.inject.internal.DefaultConstructionProxyFactory$FastClassProxy.newInstance(DefaultConstructionProxyFactory.java:89)
	at com.google.inject.internal.ConstructorInjector.provision(ConstructorInjector.java:111)
	at com.google.inject.internal.ConstructorInjector.construct(ConstructorInjector.java:90)
	at com.google.inject.internal.ConstructorBindingImpl$Factory.get(ConstructorBindingImpl.java:268)
	at com.google.inject.internal.InjectorImpl$2$1.call(InjectorImpl.java:1019)
	at com.google.inject.internal.InjectorImpl.callInContext(InjectorImpl.java:1085)
	at com.google.inject.internal.InjectorImpl$2.get(InjectorImpl.java:1015)
	... 9 more
2018-11-09 14:25:41,186  INFO MatsimRuntimeModifications:58 S H U T D O W N   ---   start shutdown.
2018-11-09 14:25:41,186 ERROR MatsimRuntimeModifications:60 ERROR --- This is an unexpected shutdown!
2018-11-09 14:25:41,186 ERROR MatsimRuntimeModifications:63 Shutdown possibly caused by the following Exception:
com.google.inject.ProvisionException: Unable to provision, see the following errors:

1) Error in custom provider, java.lang.RuntimeException: No TravelTime bound for mode bike.
  at org.matsim.core.router.TripRouterModule.install(TripRouterModule.java:66) (via modules: com.google.inject.util.Modules$CombinedModule -> com.google.inject.util.Modules$CombinedModule -> org.matsim.core.controler.AbstractModule$4 -> com.google.inject.util.Modules$OverrideModule -> org.matsim.core.controler.Controler$2 -> org.matsim.core.controler.ControlerDefaultsModule -> org.matsim.core.router.TripRouterModule)
  while locating org.matsim.core.router.RoutingModule annotated with @com.google.inject.name.Named(value=bike)
  while locating org.matsim.core.router.RoutingModule annotated with @com.google.inject.multibindings.Element(setName=,uniqueId=96, type=MAPBINDER, keyType=java.lang.String)
  at org.matsim.core.router.TripRouter.<init>(TripRouter.java:109)
  while locating org.matsim.core.router.TripRouter

1 error
	at com.google.inject.internal.InjectorImpl$2.get(InjectorImpl.java:1028)
	at org.matsim.analysis.ModeStatsControlerListener.notifyStartup(ModeStatsControlerListener.java:115)
	at org.matsim.core.controler.ControlerListenerManagerImpl.fireControlerStartupEvent(ControlerListenerManagerImpl.java:108)
	at org.matsim.core.controler.AbstractController$1.run(AbstractController.java:77)
	at org.matsim.core.controler.MatsimRuntimeModifications.run(MatsimRuntimeModifications.java:48)
	at org.matsim.core.controler.MatsimRuntimeModifications.run(MatsimRuntimeModifications.java:31)
	at org.matsim.core.controler.AbstractController.run(AbstractController.java:88)
	at org.matsim.core.controler.NewControler.run(NewControler.java:84)
	at org.matsim.core.controler.Controler.run(Controler.java:236)
	at org.matsim.run.RunMatsim.main(RunMatsim.java:163)
Caused by: java.lang.RuntimeException: No TravelTime bound for mode bike.
	at org.matsim.core.router.NetworkRoutingProvider.get(NetworkRoutingProvider.java:101)
	at org.matsim.core.router.NetworkRoutingProvider.get(NetworkRoutingProvider.java:21)
	at com.google.inject.internal.ProviderInternalFactory.provision(ProviderInternalFactory.java:81)
	at com.google.inject.internal.InternalFactoryToInitializableAdapter.provision(InternalFactoryToInitializableAdapter.java:53)
	at com.google.inject.internal.ProviderInternalFactory.circularGet(ProviderInternalFactory.java:61)
	at com.google.inject.internal.InternalFactoryToInitializableAdapter.get(InternalFactoryToInitializableAdapter.java:45)
	at com.google.inject.internal.FactoryProxy.get(FactoryProxy.java:56)
	at com.google.inject.internal.InjectorImpl$2$1.call(InjectorImpl.java:1019)
	at com.google.inject.internal.InjectorImpl.callInContext(InjectorImpl.java:1092)
	at com.google.inject.internal.InjectorImpl$2.get(InjectorImpl.java:1015)
	at com.google.inject.spi.ProviderLookup$1.get(ProviderLookup.java:104)
	at com.google.inject.multibindings.MapBinder$RealMapBinder$ValueProvider.get(MapBinder.java:821)
	at org.matsim.core.router.TripRouter.<init>(TripRouter.java:112)
	at org.matsim.core.router.TripRouter$$FastClassByGuice$$40b051f1.newInstance(<generated>)
	at com.google.inject.internal.DefaultConstructionProxyFactory$FastClassProxy.newInstance(DefaultConstructionProxyFactory.java:89)
	at com.google.inject.internal.ConstructorInjector.provision(ConstructorInjector.java:111)
	at com.google.inject.internal.ConstructorInjector.construct(ConstructorInjector.java:90)
	at com.google.inject.internal.ConstructorBindingImpl$Factory.get(ConstructorBindingImpl.java:268)
	at com.google.inject.internal.InjectorImpl$2$1.call(InjectorImpl.java:1019)
	at com.google.inject.internal.InjectorImpl.callInContext(InjectorImpl.java:1085)
	at com.google.inject.internal.InjectorImpl$2.get(InjectorImpl.java:1015)
	... 9 more
2018-11-09 14:25:41,187  INFO ControlerListenerManagerImpl:121 calling notifyShutdown on org.matsim.core.controler.corelisteners.EventsHandlingImpl
2018-11-09 14:25:41,187  INFO ControlerListenerManagerImpl:121 calling notifyShutdown on org.matsim.core.controler.corelisteners.DumpDataAtEndImpl
2018-11-09 14:25:41,187  INFO ControlerListenerManagerImpl:126 calling notifyShutdown on org.matsim.analysis.ModeStatsControlerListener
2018-11-09 14:25:41,187  INFO ControlerListenerManagerImpl:126 calling notifyShutdown on org.matsim.analysis.ScoreStatsControlerListener
2018-11-09 14:25:41,187  INFO ControlerListenerManagerImpl:126 calling notifyShutdown on org.matsim.analysis.TravelDistanceStatsControlerListener
2018-11-09 14:25:41,188  INFO ControlerListenerManagerImpl:129 all ControlerShutdownListeners called.
2018-11-09 14:25:41,188 ERROR MatsimRuntimeModifications:78 ERROR --- MATSim unexpectedly terminated. Please check the output or the logfile with warnings and errors for hints.
2018-11-09 14:25:41,188 ERROR MatsimRuntimeModifications:79 ERROR --- results should not be used for further analysis.
2018-11-09 14:25:41,188  INFO MatsimRuntimeModifications:81 S H U T D O W N   ---   shutdown completed.
2018-11-09 14:25:41,188 ERROR MatsimRuntimeModifications:83 ERROR --- This was an unexpected shutdown! See the log file for a possible reason.
